08/10/2022 01:28:50.721 Log started.
08/10/2022 01:28:50.721 Unprotecting memory region '.text': 0x00001000 (size: 0x00456000)
08/10/2022 01:28:50.721 Unprotecting memory region '.rdata': 0x00458000 (size: 0x0004C000)
08/10/2022 01:28:50.721 Unprotecting memory region '.text': 0x008B1000 (size: 0x0064A000)
08/10/2022 01:28:50.722 Unloading plugins...
08/10/2022 01:28:50.722 Loading plugin cleo/FileSystemOperations.cleo
08/10/2022 01:28:50.724 Loading plugin cleo/IniFiles.cleo
08/10/2022 01:28:50.726 Loading plugin cleo/IntOperations.cleo
08/10/2022 01:28:50.729 Loading plugin cleo/newOpcodes.cleo
08/10/2022 01:28:50.732 Started on game of version: SA 1.0 us
08/10/2022 01:28:50.732 Injecting MenuStatusNotifier...
08/10/2022 01:28:50.732 Replacing call: 0x0057B9FD
08/10/2022 01:28:50.732 Injecting DmaFix...
08/10/2022 01:28:50.732 Replacing call: 0x0053E981
08/10/2022 01:28:50.732 Injecting TextManager...
08/10/2022 01:28:50.733 Injecting function at: 0x006A0050
08/10/2022 01:28:50.733 Injecting SoundSystem...
08/10/2022 01:28:50.733 Replacing call: 0x007487A8
08/10/2022 01:28:50.733 Injecting CustomOpcodeSystem...
08/10/2022 01:28:50.733 Injecting ScriptEngine...
08/10/2022 01:28:50.733 Replacing call: 0x0046A21B
08/10/2022 01:28:50.733 Replacing call: 0x0058D552
08/10/2022 01:28:50.733 Replacing call: 0x0058FCE4
08/10/2022 01:28:50.733 Replacing call: 0x0053BDD7
08/10/2022 01:28:50.733 Replacing call: 0x005BA340
08/10/2022 01:28:50.733 Replacing call: 0x005D4FD7
08/10/2022 01:28:50.733 Replacing call: 0x005D18F0
08/10/2022 01:28:50.733 Replacing call: 0x005D14D5
08/10/2022 01:28:50.733 Injecting function at: 0x004667DB
08/10/2022 01:28:52.299 Creating main window...
08/10/2022 01:28:52.304 Found sound device 0: No sound
08/10/2022 01:28:52.304 Found sound device 1: 4 - W1934 (AMD High Definition Audio Device)
08/10/2022 01:28:52.304 Found sound device 2 (default): Speakers (Realtek High Definition Audio)
08/10/2022 01:28:52.304 On system found 3 devices, 3 enabled devices, assuming device to use: 2 (Speakers (Realtek High Definition Audio))
08/10/2022 01:28:52.314 SoundSystem initialized
08/10/2022 01:28:52.314 Floating-point audio supported!
08/10/2022 01:28:52.314 Audio hardware acceleration disabled (no EAX)
08/10/2022 01:29:27.945 Scripts exclusively initialized
08/10/2022 01:29:27.949 Deleting dynamic fxts...
08/10/2022 01:29:27.949 Cleaning up script data... 0 files, 0 libs, 0 file scans, 0 allocations...
08/10/2022 01:29:27.949 Searching for cleo scripts
08/10/2022 01:29:27.949 Loading custom script 1024MB-StreamMemory.cs...
08/10/2022 01:29:27.950 Registering custom script named 1024MB-
08/10/2022 01:29:27.950 Loading custom script AnimFlashLight.cs...
08/10/2022 01:29:27.950 Registering custom script named AnimFla
08/10/2022 01:29:27.950 Loading custom script anticrasher037.cs...
08/10/2022 01:29:27.950 Registering custom script named anticra
08/10/2022 01:29:27.950 Loading custom script CamHeli.cs...
08/10/2022 01:29:27.951 Registering custom script named CamHeli
08/10/2022 01:29:27.951 Loading custom script ccontrol.cs...
08/10/2022 01:29:27.951 Registering custom script named ccontro
08/10/2022 01:29:27.951 Loading custom script chat.cs...
08/10/2022 01:29:27.951 Registering custom script named chat.cs
08/10/2022 01:29:27.952 Loading custom script compas.cs...
08/10/2022 01:29:27.952 Registering custom script named compas.
08/10/2022 01:29:27.952 Loading custom script Enhance ParticleTXD (Junior_Djjr).cs...
08/10/2022 01:29:27.953 Registering custom script named Enhance
08/10/2022 01:29:27.953 Loading custom script fixwheelturnback.cs...
08/10/2022 01:29:27.953 Registering custom script named fixwhee
08/10/2022 01:29:27.953 Loading custom script FPSUnlock.cs...
08/10/2022 01:29:27.953 Registering custom script named FPSUnlo
08/10/2022 01:29:27.953 Loading custom script memory2048.cs...
08/10/2022 01:29:27.954 Registering custom script named memory2
08/10/2022 01:29:27.954 Loading custom script noisefix.cs...
08/10/2022 01:29:27.954 Registering custom script named noisefi
08/10/2022 01:29:27.954 Loading custom script No_more_haze.cs...
08/10/2022 01:29:27.955 Registering custom script named No_more
08/10/2022 01:29:27.955 Loading custom script Police.cs...
08/10/2022 01:29:27.955 Registering custom script named Police.
08/10/2022 01:29:27.955 Loading custom script pricel.cs...
08/10/2022 01:29:27.955 Registering custom script named pricel.
08/10/2022 01:29:27.955 Loading custom script RadarZoom.cs...
08/10/2022 01:29:27.956 Registering custom script named RadarZo
08/10/2022 01:29:27.956 Loading custom script REMASTERED Effects - Particles.cs...
08/10/2022 01:29:27.956 Registering custom script named REMASTE
08/10/2022 01:29:27.956 Loading custom script Render.cs...
08/10/2022 01:29:27.957 Registering custom script named Render.
08/10/2022 01:29:27.957 Loading custom script sampcs_helper.cs...
08/10/2022 01:29:27.957 Registering custom script named sampcs_
08/10/2022 01:29:27.957 Loading custom script set-weather-and-time (1).cs...
08/10/2022 01:29:27.958 Registering custom script named set-wea
08/10/2022 01:29:27.958 Loading custom script static_car_shadow.cs...
08/10/2022 01:29:27.958 Registering custom script named static_
08/10/2022 01:29:27.958 Loading custom script Stroboscopes.cs...
08/10/2022 01:29:27.958 Registering custom script named Strobos
08/10/2022 01:29:27.969 Unregistering custom script named No_more
08/10/2022 01:29:27.969 Unregistering custom script named noisefi
08/10/2022 01:29:27.969 Unregistering custom script named memory2
08/10/2022 01:29:27.969 Unregistering custom script named fixwhee
08/10/2022 01:29:27.981 Unregistering custom script named anticra
08/10/2022 01:29:27.981 Unregistering custom script named 1024MB-
08/10/2022 01:29:28.313 Unregistering custom script named FPSUnlo
08/10/2022 01:29:28.551 Unregistering custom script named weapon
